0 info it worked if it ends with ok
1 verbose cli [ 'node', '/usr/local/bin/npm', 'install', 'package.json' ]
2 info using npm@2.10.1
3 info using node@v0.12.4
4 verbose install initial load of /Users/anika/Documents/DUKE/3-Summer2015-CodingDojo/BootcampAssignments/15-FULL_MEAN/MEAN-STACK-PROJECT/mean_project_food_saving/package.json
5 warn package.json Basic_Mongoose_app@ No repository field.
6 warn package.json Basic_Mongoose_app@ No license field.
7 verbose readDependencies loading dependencies from /Users/anika/Documents/DUKE/3-Summer2015-CodingDojo/BootcampAssignments/15-FULL_MEAN/MEAN-STACK-PROJECT/mean_project_food_saving/package.json
8 silly cache add args [ 'package.json', null ]
9 verbose cache add spec package.json
10 silly cache add parsed spec { raw: 'package.json',
10 silly cache add   scope: null,
10 silly cache add   name: null,
10 silly cache add   rawSpec: 'package.json',
10 silly cache add   spec: '/Users/anika/Documents/DUKE/3-Summer2015-CodingDojo/BootcampAssignments/15-FULL_MEAN/MEAN-STACK-PROJECT/mean_project_food_saving/package.json',
10 silly cache add   type: 'local' }
11 silly addLocalTarball shasum (computed) 6d9c5aed498274e073a25f617119c90f7dd05e52
12 verbose addTmpTarball /Users/anika/Documents/DUKE/3-Summer2015-CodingDojo/BootcampAssignments/15-FULL_MEAN/MEAN-STACK-PROJECT/mean_project_food_saving/package.json not in flight; adding
13 verbose addTmpTarball validating metadata from /Users/anika/Documents/DUKE/3-Summer2015-CodingDojo/BootcampAssignments/15-FULL_MEAN/MEAN-STACK-PROJECT/mean_project_food_saving/package.json
14 verbose tar unpack /Users/anika/Documents/DUKE/3-Summer2015-CodingDojo/BootcampAssignments/15-FULL_MEAN/MEAN-STACK-PROJECT/mean_project_food_saving/package.json
15 verbose tar unpacking to /var/folders/m0/tsn923zs5713wnqq2sm8h2fw0000gp/T/npm-68434-e8dad15a/unpack-d9fd0a3d3dfa
16 silly gentlyRm /var/folders/m0/tsn923zs5713wnqq2sm8h2fw0000gp/T/npm-68434-e8dad15a/unpack-d9fd0a3d3dfa is being purged
17 verbose gentlyRm don't care about contents; nuking /var/folders/m0/tsn923zs5713wnqq2sm8h2fw0000gp/T/npm-68434-e8dad15a/unpack-d9fd0a3d3dfa
18 silly gunzTarPerm modes [ '755', '644' ]
19 error not a package /Users/anika/Documents/DUKE/3-Summer2015-CodingDojo/BootcampAssignments/15-FULL_MEAN/MEAN-STACK-PROJECT/mean_project_food_saving/package.json
20 error addLocal Could not install /Users/anika/Documents/DUKE/3-Summer2015-CodingDojo/BootcampAssignments/15-FULL_MEAN/MEAN-STACK-PROJECT/mean_project_food_saving/package.json
21 verbose stack Error: ENOENT, open '/var/folders/m0/tsn923zs5713wnqq2sm8h2fw0000gp/T/npm-68434-e8dad15a/unpack-d9fd0a3d3dfa/package.json'
21 verbose stack     at Error (native)
22 verbose cwd /Users/anika/Documents/DUKE/3-Summer2015-CodingDojo/BootcampAssignments/15-FULL_MEAN/MEAN-STACK-PROJECT/mean_project_food_saving
23 error Darwin 13.4.0
24 error argv "node" "/usr/local/bin/npm" "install" "package.json"
25 error node v0.12.4
26 error npm  v2.10.1
27 error path /var/folders/m0/tsn923zs5713wnqq2sm8h2fw0000gp/T/npm-68434-e8dad15a/unpack-d9fd0a3d3dfa/package.json
28 error code ENOENT
29 error errno -2
30 error enoent ENOENT, open '/var/folders/m0/tsn923zs5713wnqq2sm8h2fw0000gp/T/npm-68434-e8dad15a/unpack-d9fd0a3d3dfa/package.json'
30 error enoent This is most likely not a problem with npm itself
30 error enoent and is related to npm not being able to find a file.
31 verbose exit [ -2, true ]
